%!Adobe-FontList 1.22
%Locale:0xc0a

%BeginFont
Handler:DirectoryHandler
FontType:Type1
FontName:AvenirLTStd-Book
FamilyName:Avenir LT Std
StyleName:45 Book
FullName:Avenir LT Std 45 Book
MenuName:Avenir LT Std 45 Book
StyleBits:0
WritingScript:Roman
OutlineFileName:C:\Users\User\Desktop\Memoria\Carpeta Memoria\Document fonts\AvenirLTStd-Book.otf
DataFormat:sfntData
UsesStandardEncoding:yes
isCFF:yes
hasSVG:no
VariableFontType:NonVariableFont
FileLength:27444
FileModTime:1619889308
WeightClass:350
WidthClass:5
AngleClass:0
NameArray:0,Mac,4,Avenir LT Std 45 Book
NameArray:0,Win,1,Avenir LT Std 45 Book
NameArray:0,Win,16,Avenir LT Std
%EndFont

%BeginFont
Handler:DirectoryHandler
FontType:TrueType
FontName:COCOGOOSE-DemiBold
FamilyName:COCOGOOSE
StyleName:DemiBold
FullName:COCOGOOSE DemiBold
MenuName:COCOGOOSE
StyleBits:0
WritingScript:Roman
OutlineFileName:C:\Users\User\Desktop\Memoria\Carpeta Memoria\Document fonts\Cocogoose_Pro_Semilight-trial.ttf
DataFormat:sfntData
hasSVG:no
VariableFontType:NonVariableFont
FileLength:121704
FileModTime:1620766450
WeightClass:600
WidthClass:5
AngleClass:0
NameArray:0,Mac,18,COCOGOOSE DemiBold
NameArray:0,Mac,4,COCOGOOSE DemiBold
NameArray:0,Win,1,COCOGOOSE
%EndFont

%BeginFont
Handler:DirectoryHandler
FontType:Type1
FontName:MinionPro-Regular
FamilyName:Minion Pro
StyleName:Regular
FullName:Minion Pro
MenuName:Minion Pro
StyleBits:0
WritingScript:Roman
OutlineFileName:C:\Users\User\Desktop\Memoria\Carpeta Memoria\Document fonts\MinionPro-Regular.otf
DataFormat:sfntData
UsesStandardEncoding:yes
isCFF:yes
hasSVG:no
VariableFontType:NonVariableFont
FileLength:218640
FileModTime:1612364531
WeightClass:400
WidthClass:5
AngleClass:0
DesignSize:110
NameArray:0,Mac,4,Minion Pro
NameArray:0,Win,1,Minion Pro
%EndFont

%BeginFont
Handler:DirectoryHandler
FontType:Type1
FontName:MyriadPro-Regular
FamilyName:Myriad Pro
StyleName:Regular
FullName:Myriad Pro
MenuName:Myriad Pro
StyleBits:0
WritingScript:Roman
OutlineFileName:C:\Users\User\Desktop\Memoria\Carpeta Memoria\Document fonts\MyriadPro-Regular.otf
DataFormat:sfntData
UsesStandardEncoding:yes
isCFF:yes
hasSVG:no
VariableFontType:NonVariableFont
FileLength:97072
FileModTime:1612364531
WeightClass:400
WidthClass:5
AngleClass:0
DesignSize:110
NameArray:0,Mac,4,Myriad Pro
NameArray:0,Win,1,Myriad Pro
%EndFont

%BeginFont
Handler:DirectoryHandler
FontType:TrueType
FontName:CourierNewPSMT
FamilyName:Courier New
StyleName:Regular
FullName:Courier New
MenuName:Courier New
StyleBits:0
WritingScript:Roman
OutlineFileName:C:\Users\User\Desktop\Memoria\Carpeta Memoria\Document fonts\cour.ttf
DataFormat:sfntData
hasSVG:no
VariableFontType:NonVariableFont
FileLength:806504
FileModTime:1575713306
WeightClass:400
WidthClass:5
AngleClass:0
NameArray:0,Mac,4,Courier New
NameArray:0,Win,1,Courier New
%EndFont

%BeginFont
Handler:DirectoryHandler
FontType:TrueType
FontName:FranklinGothic-Medium
FamilyName:Franklin Gothic Medium
StyleName:Regular
FullName:Franklin Gothic Medium
MenuName:Franklin Gothic Medium
StyleBits:0
WritingScript:Roman
OutlineFileName:C:\Users\User\Desktop\Memoria\Carpeta Memoria\Document fonts\framd.ttf
DataFormat:sfntData
hasSVG:no
VariableFontType:NonVariableFont
FileLength:133632
FileModTime:1575713317
WeightClass:400
WidthClass:5
AngleClass:0
NameArray:0,Mac,4,Franklin Gothic Medium
NameArray:0,Win,1,Franklin Gothic Medium
%EndFont

%BeginFont
Handler:DirectoryHandler
FontType:TrueType
FontName:Roboto-Bold
FamilyName:Roboto
StyleName:Bold
FullName:Roboto Bold
MenuName:Roboto
StyleBits:2
WritingScript:Roman
OutlineFileName:C:\Users\User\Desktop\Memoria\Carpeta Memoria\Document fonts\roboto-bold_[allfont.es].ttf
DataFormat:sfntData
hasSVG:no
VariableFontType:NonVariableFont
FileLength:166384
FileModTime:1620760646
WeightClass:700
WidthClass:5
AngleClass:0
NameArray:0,Mac,18,Roboto Bold
NameArray:0,Mac,4,Roboto Bold
NameArray:0,Win,1,Roboto
%EndFont

%BeginFont
Handler:DirectoryHandler
FontType:TrueType
FontName:Roboto-Regular
FamilyName:Roboto
StyleName:Regular
FullName:Roboto Regular
MenuName:Roboto
StyleBits:0
WritingScript:Roman
OutlineFileName:C:\Users\User\Desktop\Memoria\Carpeta Memoria\Document fonts\roboto-regular_[allfont.es].ttf
DataFormat:sfntData
hasSVG:no
VariableFontType:NonVariableFont
FileLength:156520
FileModTime:1620760666
WeightClass:400
WidthClass:5
AngleClass:0
NameArray:0,Mac,18,Roboto Regular
NameArray:0,Mac,4,Roboto Regular
NameArray:0,Win,1,Roboto
%EndFont

%BeginFont
Handler:DirectoryHandler
FontType:TrueType
FontName:Verdana
FamilyName:Verdana
StyleName:Regular
FullName:Verdana
MenuName:Verdana
StyleBits:0
WritingScript:Roman
OutlineFileName:C:\Users\User\Desktop\Memoria\Carpeta Memoria\Document fonts\verdana.ttf
DataFormat:sfntData
hasSVG:no
VariableFontType:NonVariableFont
FileLength:243304
FileModTime:1575713307
WeightClass:400
WidthClass:5
AngleClass:0
NameArray:0,Mac,4,Verdana
NameArray:0,Win,1,Verdana
%EndFont

%BeginFont
Handler:DirectoryHandler
FontType:TrueType
FontName:Verdana-Bold
FamilyName:Verdana
StyleName:Bold
FullName:Verdana Bold
MenuName:Verdana
StyleBits:2
WritingScript:Roman
OutlineFileName:C:\Users\User\Desktop\Memoria\Carpeta Memoria\Document fonts\verdanab.ttf
DataFormat:sfntData
hasSVG:no
VariableFontType:NonVariableFont
FileLength:211260
FileModTime:1575713307
WeightClass:700
WidthClass:5
AngleClass:0
NameArray:0,Mac,4,Verdana Bold
NameArray:0,Win,1,Verdana
%EndFont

